# JRE version: Java(TM) SE Runtime Environment (8.0_241-b07) (build 1.8.0_241-b07)
# Java VM: Java HotSpot(TM) 64-Bit Server VM (25.241-b07 mixed mode windows-amd64 compressed oops)
Heap:
 PSYoungGen      total 19456K, used 9053K [0x00000000eb180000, 0x00000000ed700000, 0x0000000100000000)
  eden space 13824K, 28% used [0x00000000eb180000,0x00000000eb54f558,0x00000000ebf00000)
  from space 5632K, 91% used [0x00000000ebf00000,0x00000000ec408020,0x00000000ec480000)
  to   space 12288K, 0% used [0x00000000ecb00000,0x00000000ecb00000,0x00000000ed700000)
 ParOldGen       total 33792K, used 16015K [0x00000000c1400000, 0x00000000c3500000, 0x00000000eb180000)
  object space 33792K, 47% used [0x00000000c1400000,0x00000000c23a3e00,0x00000000c3500000)
 Metaspace       used 18946K, capacity 19204K, committed 19584K, reserved 1067008K
  class space    used 2218K, capacity 2314K, committed 2432K, reserved 1048576K
GC Heap History (10 events):
Event: 1683.822 GC heap before
{Heap before GC invocations=26 (full 2):
 PSYoungGen      total 27648K, used 23904K [0x00000000eb180000, 0x00000000edb00000, 0x0000000100000000)
  eden space 13824K, 100% used [0x00000000eb180000,0x00000000ebf00000,0x00000000ebf00000)
  from space 13824K, 72% used [0x00000000ebf00000,0x00000000ec8d8000,0x00000000ecc80000)
  to   space 14336K, 0% used [0x00000000ecd00000,0x00000000ecd00000,0x00000000edb00000)
 ParOldGen       total 34816K, used 19800K [0x00000000c1400000, 0x00000000c3600000, 0x00000000eb180000)
  object space 34816K, 56% used [0x00000000c1400000,0x00000000c2756240,0x00000000c3600000)
 Metaspace       used 18916K, capacity 19204K, committed 19584K, reserved 1067008K
  class space    used 2218K, capacity 2314K, committed 2432K, reserved 1048576K
Event: 1683.831 GC heap after
Heap after GC invocations=26 (full 2):
 PSYoungGen      total 27136K, used 4688K [0x00000000eb180000, 0x00000000eda00000, 0x0000000100000000)
  eden space 13824K, 0% used [0x00000000eb180000,0x00000000eb180000,0x00000000ebf00000)
  from space 13312K, 35% used [0x00000000ecd00000,0x00000000ed194010,0x00000000eda00000)
  to   space 13824K, 0% used [0x00000000ebf00000,0x00000000ebf00000,0x00000000ecc80000)
 ParOldGen       total 34816K, used 27598K [0x00000000c1400000, 0x00000000c3600000, 0x00000000eb180000)
  object space 34816K, 79% used [0x00000000c1400000,0x00000000c2ef39c0,0x00000000c3600000)
 Metaspace       used 18916K, capacity 19204K, committed 19584K, reserved 1067008K
  class space    used 2218K, capacity 2314K, committed 2432K, reserved 1048576K
}
Event: 1683.831 GC heap before
{Heap before GC invocations=27 (full 3):
 PSYoungGen      total 27136K, used 4688K [0x00000000eb180000, 0x00000000eda00000, 0x0000000100000000)
  eden space 13824K, 0% used [0x00000000eb180000,0x00000000eb180000,0x00000000ebf00000)
  from space 13312K, 35% used [0x00000000ecd00000,0x00000000ed194010,0x00000000eda00000)
  to   space 13824K, 0% used [0x00000000ebf00000,0x00000000ebf00000,0x00000000ecc80000)
 ParOldGen       total 34816K, used 27598K [0x00000000c1400000, 0x00000000c3600000, 0x00000000eb180000)
  object space 34816K, 79% used [0x00000000c1400000,0x00000000c2ef39c0,0x00000000c3600000)
 Metaspace       used 18916K, capacity 19204K, committed 19584K, reserved 1067008K
  class space    used 2218K, capacity 2314K, committed 2432K, reserved 1048576K
Event: 1683.886 GC heap after
Heap after GC invocations=27 (full 3):
 PSYoungGen      total 27136K, used 0K [0x00000000eb180000, 0x00000000eda00000, 0x0000000100000000)
  eden space 13824K, 0% used [0x00000000eb180000,0x00000000eb180000,0x00000000ebf00000)
  from space 13312K, 0% used [0x00000000ecd00000,0x00000000ecd00000,0x00000000eda00000)
  to   space 13824K, 0% used [0x00000000ebf00000,0x00000000ebf00000,0x00000000ecc80000)
 ParOldGen       total 33792K, used 9587K [0x00000000c1400000, 0x00000000c3500000, 0x00000000eb180000)
  object space 33792K, 28% used [0x00000000c1400000,0x00000000c1d5ce90,0x00000000c3500000)
 Metaspace       used 18916K, capacity 19204K, committed 19584K, reserved 1067008K
  class space    used 2218K, capacity 2314K, committed 2432K, reserved 1048576K
}
Event: 1716.631 GC heap before
{Heap before GC invocations=28 (full 3):
 PSYoungGen      total 27136K, used 13824K [0x00000000eb180000, 0x00000000eda00000, 0x0000000100000000)
  eden space 13824K, 100% used [0x00000000eb180000,0x00000000ebf00000,0x00000000ebf00000)
  from space 13312K, 0% used [0x00000000ecd00000,0x00000000ecd00000,0x00000000eda00000)
  to   space 13824K, 0% used [0x00000000ebf00000,0x00000000ebf00000,0x00000000ecc80000)
 ParOldGen       total 33792K, used 9587K [0x00000000c1400000, 0x00000000c3500000, 0x00000000eb180000)
  object space 33792K, 28% used [0x00000000c1400000,0x00000000c1d5ce90,0x00000000c3500000)
 Metaspace       used 18926K, capacity 19204K, committed 19584K, reserved 1067008K
  class space    used 2218K, capacity 2314K, committed 2432K, reserved 1048576K
Event: 1716.641 GC heap after
Heap after GC invocations=28 (full 3):
 PSYoungGen      total 19456K, used 5504K [0x00000000eb180000, 0x00000000ed900000, 0x0000000100000000)
  eden space 13824K, 0% used [0x00000000eb180000,0x00000000eb180000,0x00000000ebf00000)
  from space 5632K, 97% used [0x00000000ebf00000,0x00000000ec460020,0x00000000ec480000)
  to   space 13312K, 0% used [0x00000000ecc00000,0x00000000ecc00000,0x00000000ed900000)
 ParOldGen       total 33792K, used 9587K [0x00000000c1400000, 0x00000000c3500000, 0x00000000eb180000)
  object space 33792K, 28% used [0x00000000c1400000,0x00000000c1d5ce90,0x00000000c3500000)
 Metaspace       used 18926K, capacity 19204K, committed 19584K, reserved 1067008K
  class space    used 2218K, capacity 2314K, committed 2432K, reserved 1048576K
}
Event: 1838.194 GC heap before
{Heap before GC invocations=29 (full 3):
 PSYoungGen      total 19456K, used 19328K [0x00000000eb180000, 0x00000000ed900000, 0x0000000100000000)
  eden space 13824K, 100% used [0x00000000eb180000,0x00000000ebf00000,0x00000000ebf00000)
  from space 5632K, 97% used [0x00000000ebf00000,0x00000000ec460020,0x00000000ec480000)
  to   space 13312K, 0% used [0x00000000ecc00000,0x00000000ecc00000,0x00000000ed900000)
 ParOldGen       total 33792K, used 9587K [0x00000000c1400000, 0x00000000c3500000, 0x00000000eb180000)
  object space 33792K, 28% used [0x00000000c1400000,0x00000000c1d5ce90,0x00000000c3500000)
 Metaspace       used 18933K, capacity 19204K, committed 19584K, reserved 1067008K
  class space    used 2218K, capacity 2314K, committed 2432K, reserved 1048576K
Event: 1838.244 GC heap after
Heap after GC invocations=29 (full 3):
 PSYoungGen      total 27136K, used 2528K [0x00000000eb180000, 0x00000000ed900000, 0x0000000100000000)
  eden space 13824K, 0% used [0x00000000eb180000,0x00000000eb180000,0x00000000ebf00000)
  from space 13312K, 18% used [0x00000000ecc00000,0x00000000ece78000,0x00000000ed900000)
  to   space 13312K, 0% used [0x00000000ebf00000,0x00000000ebf00000,0x00000000ecc00000)
 ParOldGen       total 33792K, used 13873K [0x00000000c1400000, 0x00000000c3500000, 0x00000000eb180000)
  object space 33792K, 41% used [0x00000000c1400000,0x00000000c218c560,0x00000000c3500000)
 Metaspace       used 18933K, capacity 19204K, committed 19584K, reserved 1067008K
  class space    used 2218K, capacity 2314K, committed 2432K, reserved 1048576K
}
Event: 1878.466 GC heap before
{Heap before GC invocations=30 (full 3):
 PSYoungGen      total 27136K, used 16352K [0x00000000eb180000, 0x00000000ed900000, 0x0000000100000000)
  eden space 13824K, 100% used [0x00000000eb180000,0x00000000ebf00000,0x00000000ebf00000)
  from space 13312K, 18% used [0x00000000ecc00000,0x00000000ece78000,0x00000000ed900000)
  to   space 13312K, 0% used [0x00000000ebf00000,0x00000000ebf00000,0x00000000ecc00000)
 ParOldGen       total 33792K, used 13873K [0x00000000c1400000, 0x00000000c3500000, 0x00000000eb180000)
  object space 33792K, 41% used [0x00000000c1400000,0x00000000c218c560,0x00000000c3500000)
 Metaspace       used 18944K, capacity 19204K, committed 19584K, reserved 1067008K
  class space    used 2218K, capacity 2314K, committed 2432K, reserved 1048576K
Event: 1878.469 GC heap after
Heap after GC invocations=30 (full 3):
 PSYoungGen      total 19456K, used 5152K [0x00000000eb180000, 0x00000000ed700000, 0x0000000100000000)
  eden space 13824K, 0% used [0x00000000eb180000,0x00000000eb180000,0x00000000ebf00000)
  from space 5632K, 91% used [0x00000000ebf00000,0x00000000ec408020,0x00000000ec480000)
  to   space 12288K, 0% used [0x00000000ecb00000,0x00000000ecb00000,0x00000000ed700000)
 ParOldGen       total 33792K, used 16015K [0x00000000c1400000, 0x00000000c3500000, 0x00000000eb180000)
  object space 33792K, 47% used [0x00000000c1400000,0x00000000c23a3e00,0x00000000c3500000)
 Metaspace       used 18944K, capacity 19204K, committed 19584K, reserved 1067008K
  class space    used 2218K, capacity 2314K, committed 2432K, reserved 1048576K
}

